<?xml version="1.0" encoding="UTF-8"?>
<testng-results skipped="0" failed="0" ignored="0" total="1" passed="1">
  <reporter-output>
  </reporter-output>
  <suite name="Default suite" duration-ms="57342" started-at="2020-10-15T09:15:48 IST" finished-at="2020-10-15T09:16:46 IST">
    <groups>
    </groups>
    <test name="Default test" duration-ms="57342" started-at="2020-10-15T09:15:48 IST" finished-at="2020-10-15T09:16:46 IST">
      <class name="com.testCase.ClearTripCase">
        <test-method status="PASS" signature="test()[pri:0, instance:com.testCase.ClearTripCase@76707e36]" name="test" duration-ms="57180" started-at="2020-10-15T09:15:49 IST" finished-at="2020-10-15T09:16:46 IST">
          <reporter-output>
          </reporter-output>
        </test-method> <!-- test -->
      </class> <!-- com.testCase.ClearTripCase -->
    </test> <!-- Default test -->
  </suite> <!-- Default suite -->
</testng-results>
